\BOOKMARK [1][-]{section.1}{Untersuchung eines einzelnen Neurons}{}% 1
\BOOKMARK [2][-]{subsection.1.1}{Aufgabe 1}{section.1}% 2
\BOOKMARK [2][-]{subsection.1.2}{Aufgabe 2}{section.1}% 3
\BOOKMARK [2][-]{subsection.1.3}{Aufgabe 3}{section.1}% 4
\BOOKMARK [2][-]{subsection.1.4}{Aufgabe 4}{section.1}% 5
\BOOKMARK [1][-]{section.2}{Kalibrierung der Neuron-Parameter}{}% 6
\BOOKMARK [2][-]{subsection.2.1}{Aufgabe 1}{section.2}% 7
\BOOKMARK [2][-]{subsection.2.2}{Aufgabe 2}{section.2}% 8
\BOOKMARK [2][-]{subsection.2.3}{Aufgabe 3}{section.2}% 9
\BOOKMARK [2][-]{subsection.2.4}{Aufgabe 4}{section.2}% 10
\BOOKMARK [2][-]{subsection.2.5}{Aufgabe 5}{section.2}% 11
\BOOKMARK [1][-]{section.3}{Einzelnes Neuron mit synaptischem Input}{}% 12
\BOOKMARK [2][-]{subsection.3.1}{Aufgabe 1}{section.3}% 13
\BOOKMARK [2][-]{subsection.3.2}{Aufgabe 2}{section.3}% 14
\BOOKMARK [2][-]{subsection.3.3}{Aufgabe 3}{section.3}% 15
\BOOKMARK [2][-]{subsection.3.4}{Aufgabe 4}{section.3}% 16
\BOOKMARK [1][-]{section.4}{Kurzzeit-Plastizit\344t}{}% 17
\BOOKMARK [2][-]{subsection.4.1}{Aufgabe 1}{section.4}% 18
\BOOKMARK [2][-]{subsection.4.2}{Aufgabe 2}{section.4}% 19
\BOOKMARK [2][-]{subsection.4.3}{Aufgabe 3}{section.4}% 20
\BOOKMARK [1][-]{section.5}{Feed-Forward Netzwerke}{}% 21
\BOOKMARK [2][-]{subsection.5.1}{Aufgabe 1}{section.5}% 22
\BOOKMARK [2][-]{subsection.5.2}{Aufgabe 2}{section.5}% 23
\BOOKMARK [2][-]{subsection.5.3}{Aufgabe 3}{section.5}% 24
\BOOKMARK [1][-]{section.6}{Rekurrente Netzwerke}{}% 25
\BOOKMARK [2][-]{subsection.6.1}{Aufgabe 1}{section.6}% 26
\BOOKMARK [2][-]{subsection.6.2}{Aufgabe 2}{section.6}% 27
\BOOKMARK [2][-]{subsection.6.3}{Aufgabe 3}{section.6}% 28
\BOOKMARK [1][-]{section.7}{Eine einfache Berechnung - XOR}{}% 29
\BOOKMARK [2][-]{subsection.7.1}{Aufgabe 1}{section.7}% 30
\BOOKMARK [2][-]{subsection.7.2}{Aufgabe 2}{section.7}% 31
\BOOKMARK [2][-]{subsection.7.3}{Aufgabe 3}{section.7}% 32
\BOOKMARK [2][-]{subsection.7.4}{Aufgabe 4}{section.7}% 33
